[2016-11-17 07:23:45] ::1 /envmanage/index.php/
INFO: [ app_init ] --START--
INFO: Run Behavior\BuildLiteBehavior [ RunTime:0.000000s ]
INFO: Run Behavior\FlashBehaviors [ RunTime:0.000000s ]
INFO: [ app_init ] --END-- [ RunTime:0.001000s ]
INFO: [ app_begin ] --START--
INFO: Run Behavior\ReadHtmlCacheBehavior [ RunTime:0.001000s ]
INFO: [ app_begin ] --END-- [ RunTime:0.002000s ]
INFO: [ view_parse ] --START--
INFO: [ template_filter ] --START--
INFO: Run Behavior\ContentReplaceBehavior [ RunTime:0.000000s ]
INFO: [ template_filter ] --END-- [ RunTime:0.000000s ]
NOTIC: [8] Undefined variable: page_title D:\WWW\envmanage\Application\Runtime\Cache\Home\2a94b8bda04ff446dcedd42276fc99ee.php 第 6 行.
NOTIC: [8] Undefined variable: page_description D:\WWW\envmanage\Application\Runtime\Cache\Home\2a94b8bda04ff446dcedd42276fc99ee.php 第 8 行.
NOTIC: [8] Undefined variable: task_num D:\WWW\envmanage\Application\Runtime\Cache\Home\2a94b8bda04ff446dcedd42276fc99ee.php 第 164 行.
NOTIC: [8] Undefined variable: task_num D:\WWW\envmanage\Application\Runtime\Cache\Home\2a94b8bda04ff446dcedd42276fc99ee.php 第 167 行.
NOTIC: [8] Undefined variable: taskList D:\WWW\envmanage\Application\Runtime\Cache\Home\2a94b8bda04ff446dcedd42276fc99ee.php 第 171 行.
NOTIC: [8] Undefined variable: NOW_MENU D:\WWW\envmanage\Application\Runtime\Cache\Home\2a94b8bda04ff446dcedd42276fc99ee.php 第 271 行.
NOTIC: [8] Undefined variable: SECOND_NOW_MENU D:\WWW\envmanage\Application\Runtime\Cache\Home\2a94b8bda04ff446dcedd42276fc99ee.php 第 278 行.
NOTIC: [8] Undefined variable: SECOND_NOW_MENU D:\WWW\envmanage\Application\Runtime\Cache\Home\2a94b8bda04ff446dcedd42276fc99ee.php 第 278 行.
NOTIC: [8] Undefined variable: SECOND_NOW_MENU D:\WWW\envmanage\Application\Runtime\Cache\Home\2a94b8bda04ff446dcedd42276fc99ee.php 第 278 行.
NOTIC: [8] Undefined variable: SECOND_NOW_MENU D:\WWW\envmanage\Application\Runtime\Cache\Home\2a94b8bda04ff446dcedd42276fc99ee.php 第 278 行.
NOTIC: [8] Undefined variable: NOW_MENU D:\WWW\envmanage\Application\Runtime\Cache\Home\2a94b8bda04ff446dcedd42276fc99ee.php 第 271 行.
NOTIC: [8] Undefined variable: SECOND_NOW_MENU D:\WWW\envmanage\Application\Runtime\Cache\Home\2a94b8bda04ff446dcedd42276fc99ee.php 第 278 行.
NOTIC: [8] Undefined variable: SECOND_NOW_MENU D:\WWW\envmanage\Application\Runtime\Cache\Home\2a94b8bda04ff446dcedd42276fc99ee.php 第 278 行.
NOTIC: [8] Undefined variable: SECOND_NOW_MENU D:\WWW\envmanage\Application\Runtime\Cache\Home\2a94b8bda04ff446dcedd42276fc99ee.php 第 278 行.
NOTIC: [8] Undefined variable: SECOND_NOW_MENU D:\WWW\envmanage\Application\Runtime\Cache\Home\2a94b8bda04ff446dcedd42276fc99ee.php 第 278 行.
NOTIC: [8] Undefined variable: NOW_MENU D:\WWW\envmanage\Application\Runtime\Cache\Home\2a94b8bda04ff446dcedd42276fc99ee.php 第 271 行.
NOTIC: [8] Undefined variable: SECOND_NOW_MENU D:\WWW\envmanage\Application\Runtime\Cache\Home\2a94b8bda04ff446dcedd42276fc99ee.php 第 278 行.
NOTIC: [8] Undefined variable: SECOND_NOW_MENU D:\WWW\envmanage\Application\Runtime\Cache\Home\2a94b8bda04ff446dcedd42276fc99ee.php 第 278 行.
NOTIC: [8] Undefined variable: SECOND_NOW_MENU D:\WWW\envmanage\Application\Runtime\Cache\Home\2a94b8bda04ff446dcedd42276fc99ee.php 第 278 行.
NOTIC: [8] Undefined variable: SECOND_NOW_MENU D:\WWW\envmanage\Application\Runtime\Cache\Home\2a94b8bda04ff446dcedd42276fc99ee.php 第 278 行.
NOTIC: [8] Undefined variable: NOW_MENU D:\WWW\envmanage\Application\Runtime\Cache\Home\2a94b8bda04ff446dcedd42276fc99ee.php 第 271 行.
NOTIC: [8] Undefined variable: SECOND_NOW_MENU D:\WWW\envmanage\Application\Runtime\Cache\Home\2a94b8bda04ff446dcedd42276fc99ee.php 第 278 行.
NOTIC: [8] Undefined variable: SECOND_NOW_MENU D:\WWW\envmanage\Application\Runtime\Cache\Home\2a94b8bda04ff446dcedd42276fc99ee.php 第 278 行.
NOTIC: [8] Undefined variable: NOW_MENU D:\WWW\envmanage\Application\Runtime\Cache\Home\2a94b8bda04ff446dcedd42276fc99ee.php 第 271 行.
NOTIC: [8] Undefined variable: SECOND_NOW_MENU D:\WWW\envmanage\Application\Runtime\Cache\Home\2a94b8bda04ff446dcedd42276fc99ee.php 第 278 行.
NOTIC: [8] Undefined variable: SECOND_NOW_MENU D:\WWW\envmanage\Application\Runtime\Cache\Home\2a94b8bda04ff446dcedd42276fc99ee.php 第 278 行.
NOTIC: [8] Undefined variable: NOW_MENU D:\WWW\envmanage\Application\Runtime\Cache\Home\2a94b8bda04ff446dcedd42276fc99ee.php 第 271 行.
NOTIC: [8] Undefined variable: SECOND_NOW_MENU D:\WWW\envmanage\Application\Runtime\Cache\Home\2a94b8bda04ff446dcedd42276fc99ee.php 第 278 行.
NOTIC: [8] Undefined variable: SECOND_NOW_MENU D:\WWW\envmanage\Application\Runtime\Cache\Home\2a94b8bda04ff446dcedd42276fc99ee.php 第 278 行.
NOTIC: [8] Undefined variable: NOW_PATH D:\WWW\envmanage\Application\Runtime\Cache\Home\2a94b8bda04ff446dcedd42276fc99ee.php 第 311 行.
INFO: Run Behavior\ParseTemplateBehavior [ RunTime:0.093006s ]
INFO: [ view_parse ] --END-- [ RunTime:0.093006s ]
INFO: [ view_filter ] --START--
INFO: Run Behavior\WriteHtmlCacheBehavior [ RunTime:0.010000s ]
INFO: [ view_filter ] --END-- [ RunTime:0.010000s ]
INFO: [ app_end ] --START--
INFO: Run Behavior\ShowPageTraceBehavior [ RunTime:0.013001s ]
INFO: [ app_end ] --END-- [ RunTime:0.013001s ]

[2016-11-17 07:23:46] ::1 /envmanage/index.php/
INFO: [ app_init ] --START--
INFO: Run Behavior\BuildLiteBehavior [ RunTime:0.000000s ]
INFO: Run Behavior\FlashBehaviors [ RunTime:0.000000s ]
INFO: [ app_init ] --END-- [ RunTime:0.001000s ]
INFO: [ app_begin ] --START--
INFO: Run Behavior\ReadHtmlCacheBehavior [ RunTime:0.001000s ]
INFO: [ app_begin ] --END-- [ RunTime:0.001000s ]
INFO: [ view_parse ] --START--
INFO: [ template_filter ] --START--
INFO: Run Behavior\ContentReplaceBehavior [ RunTime:0.000000s ]
INFO: [ template_filter ] --END-- [ RunTime:0.000000s ]
NOTIC: [8] Undefined variable: page_title D:\WWW\envmanage\Application\Runtime\Cache\Home\2a94b8bda04ff446dcedd42276fc99ee.php 第 6 行.
NOTIC: [8] Undefined variable: page_description D:\WWW\envmanage\Application\Runtime\Cache\Home\2a94b8bda04ff446dcedd42276fc99ee.php 第 8 行.
NOTIC: [8] Undefined variable: task_num D:\WWW\envmanage\Application\Runtime\Cache\Home\2a94b8bda04ff446dcedd42276fc99ee.php 第 164 行.
NOTIC: [8] Undefined variable: task_num D:\WWW\envmanage\Application\Runtime\Cache\Home\2a94b8bda04ff446dcedd42276fc99ee.php 第 167 行.
NOTIC: [8] Undefined variable: taskList D:\WWW\envmanage\Application\Runtime\Cache\Home\2a94b8bda04ff446dcedd42276fc99ee.php 第 171 行.
NOTIC: [8] Undefined variable: NOW_MENU D:\WWW\envmanage\Application\Runtime\Cache\Home\2a94b8bda04ff446dcedd42276fc99ee.php 第 271 行.
NOTIC: [8] Undefined variable: SECOND_NOW_MENU D:\WWW\envmanage\Application\Runtime\Cache\Home\2a94b8bda04ff446dcedd42276fc99ee.php 第 278 行.
NOTIC: [8] Undefined variable: SECOND_NOW_MENU D:\WWW\envmanage\Application\Runtime\Cache\Home\2a94b8bda04ff446dcedd42276fc99ee.php 第 278 行.
NOTIC: [8] Undefined variable: SECOND_NOW_MENU D:\WWW\envmanage\Application\Runtime\Cache\Home\2a94b8bda04ff446dcedd42276fc99ee.php 第 278 行.
NOTIC: [8] Undefined variable: SECOND_NOW_MENU D:\WWW\envmanage\Application\Runtime\Cache\Home\2a94b8bda04ff446dcedd42276fc99ee.php 第 278 行.
NOTIC: [8] Undefined variable: NOW_MENU D:\WWW\envmanage\Application\Runtime\Cache\Home\2a94b8bda04ff446dcedd42276fc99ee.php 第 271 行.
NOTIC: [8] Undefined variable: SECOND_NOW_MENU D:\WWW\envmanage\Application\Runtime\Cache\Home\2a94b8bda04ff446dcedd42276fc99ee.php 第 278 行.
NOTIC: [8] Undefined variable: SECOND_NOW_MENU D:\WWW\envmanage\Application\Runtime\Cache\Home\2a94b8bda04ff446dcedd42276fc99ee.php 第 278 行.
NOTIC: [8] Undefined variable: SECOND_NOW_MENU D:\WWW\envmanage\Application\Runtime\Cache\Home\2a94b8bda04ff446dcedd42276fc99ee.php 第 278 行.
NOTIC: [8] Undefined variable: SECOND_NOW_MENU D:\WWW\envmanage\Application\Runtime\Cache\Home\2a94b8bda04ff446dcedd42276fc99ee.php 第 278 行.
NOTIC: [8] Undefined variable: NOW_MENU D:\WWW\envmanage\Application\Runtime\Cache\Home\2a94b8bda04ff446dcedd42276fc99ee.php 第 271 行.
NOTIC: [8] Undefined variable: SECOND_NOW_MENU D:\WWW\envmanage\Application\Runtime\Cache\Home\2a94b8bda04ff446dcedd42276fc99ee.php 第 278 行.
NOTIC: [8] Undefined variable: SECOND_NOW_MENU D:\WWW\envmanage\Application\Runtime\Cache\Home\2a94b8bda04ff446dcedd42276fc99ee.php 第 278 行.
NOTIC: [8] Undefined variable: SECOND_NOW_MENU D:\WWW\envmanage\Application\Runtime\Cache\Home\2a94b8bda04ff446dcedd42276fc99ee.php 第 278 行.
NOTIC: [8] Undefined variable: SECOND_NOW_MENU D:\WWW\envmanage\Application\Runtime\Cache\Home\2a94b8bda04ff446dcedd42276fc99ee.php 第 278 行.
NOTIC: [8] Undefined variable: NOW_MENU D:\WWW\envmanage\Application\Runtime\Cache\Home\2a94b8bda04ff446dcedd42276fc99ee.php 第 271 行.
NOTIC: [8] Undefined variable: SECOND_NOW_MENU D:\WWW\envmanage\Application\Runtime\Cache\Home\2a94b8bda04ff446dcedd42276fc99ee.php 第 278 行.
NOTIC: [8] Undefined variable: SECOND_NOW_MENU D:\WWW\envmanage\Application\Runtime\Cache\Home\2a94b8bda04ff446dcedd42276fc99ee.php 第 278 行.
NOTIC: [8] Undefined variable: NOW_MENU D:\WWW\envmanage\Application\Runtime\Cache\Home\2a94b8bda04ff446dcedd42276fc99ee.php 第 271 行.
NOTIC: [8] Undefined variable: SECOND_NOW_MENU D:\WWW\envmanage\Application\Runtime\Cache\Home\2a94b8bda04ff446dcedd42276fc99ee.php 第 278 行.
NOTIC: [8] Undefined variable: SECOND_NOW_MENU D:\WWW\envmanage\Application\Runtime\Cache\Home\2a94b8bda04ff446dcedd42276fc99ee.php 第 278 行.
NOTIC: [8] Undefined variable: NOW_MENU D:\WWW\envmanage\Application\Runtime\Cache\Home\2a94b8bda04ff446dcedd42276fc99ee.php 第 271 行.
NOTIC: [8] Undefined variable: SECOND_NOW_MENU D:\WWW\envmanage\Application\Runtime\Cache\Home\2a94b8bda04ff446dcedd42276fc99ee.php 第 278 行.
NOTIC: [8] Undefined variable: SECOND_NOW_MENU D:\WWW\envmanage\Application\Runtime\Cache\Home\2a94b8bda04ff446dcedd42276fc99ee.php 第 278 行.
NOTIC: [8] Undefined variable: NOW_PATH D:\WWW\envmanage\Application\Runtime\Cache\Home\2a94b8bda04ff446dcedd42276fc99ee.php 第 311 行.
INFO: Run Behavior\ParseTemplateBehavior [ RunTime:0.020001s ]
INFO: [ view_parse ] --END-- [ RunTime:0.020001s ]
INFO: [ view_filter ] --START--
INFO: Run Behavior\WriteHtmlCacheBehavior [ RunTime:0.001000s ]
INFO: [ view_filter ] --END-- [ RunTime:0.001000s ]
INFO: [ app_end ] --START--
INFO: Run Behavior\ShowPageTraceBehavior [ RunTime:0.001000s ]
INFO: [ app_end ] --END-- [ RunTime:0.001000s ]

[2016-11-17 07:23:58] ::1 /envmanage/index.php/Home/BizProwled/showList?type=menu
INFO: [ app_init ] --START--
INFO: Run Behavior\BuildLiteBehavior [ RunTime:0.000000s ]
INFO: Run Behavior\FlashBehaviors [ RunTime:0.000000s ]
INFO: [ app_init ] --END-- [ RunTime:0.001000s ]
INFO: [ app_begin ] --START--
INFO: Run Behavior\ReadHtmlCacheBehavior [ RunTime:0.000000s ]
INFO: [ app_begin ] --END-- [ RunTime:0.000000s ]
SQL: SELECT * FROM `zy_business_type` WHERE `is_valid` = '1'  [ RunTime:0.0040s ]
File:D:\WWW\envmanage\ThinkPHP\Library\Think\Db\Driver.class.php(169)  execute  
File:D:\WWW\envmanage\ThinkPHP\Library\Think\Db\Driver.class.php(942)  query  
File:D:\WWW\envmanage\ThinkPHP\Library\Think\Model.class.php(966)  select  
File:D:\WWW\envmanage\ThinkPHP\Library\Think\Model.class.php(231)  getField  
File:D:\WWW\envmanage\Application\Home\Model\BizProwledModel.class.php(25)  __call  
File:D:\WWW\envmanage\Application\Home\Model\BizProwledModel.class.php(25)  count  
File:D:\WWW\envmanage\Application\Home\Controller\BizProwledController.class.php(25)  showList  
NOTIC: [8] Undefined index: file D:\WWW\envmanage\ThinkPHP\Library\Think\Log.class.php 第 54 行.
NOTIC: [8] Undefined index: line D:\WWW\envmanage\ThinkPHP\Library\Think\Log.class.php 第 54 行.
File:()  showList  
File:D:\WWW\envmanage\ThinkPHP\Library\Think\App.class.php(164)  invoke  
File:D:\WWW\envmanage\ThinkPHP\Library\Think\App.class.php(202)  exec  
File:D:\WWW\envmanage\ThinkPHP\Library\Think\Think.class.php(120)  run  
File:D:\WWW\envmanage\ThinkPHP\ThinkPHP.php(97)  start  
File:D:\WWW\envmanage\index.php(31)  require  
ERR: SQLSTATE[42S22]: Column not found: 1054 Unknown column 'is_valid' in 'where clause'

[2016-11-17 07:24:23] ::1 /envmanage/index.php/Home/BizProwled/showList?type=menu
INFO: [ app_init ] --START--
INFO: Run Behavior\BuildLiteBehavior [ RunTime:0.000000s ]
INFO: Run Behavior\FlashBehaviors [ RunTime:0.000000s ]
INFO: [ app_init ] --END-- [ RunTime:0.001000s ]
INFO: [ app_begin ] --START--
INFO: Run Behavior\ReadHtmlCacheBehavior [ RunTime:0.000000s ]
INFO: [ app_begin ] --END-- [ RunTime:0.000000s ]
SQL: SELECT * FROM `zy_business_type` WHERE `is_valid` = '1'  [ RunTime:0.0010s ]
SQL: SELECT COUNT(*) AS tp_count FROM `zy_biz_prowled` WHERE `is_valid` = '1' LIMIT 1   [ RunTime:0.0000s ]
SQL: SELECT * FROM `zy_biz_prowled` WHERE `is_valid` = '1' ORDER BY  ctime DESC  LIMIT 0,20   [ RunTime:0.0010s ]
File:D:\WWW\envmanage\ThinkPHP\Library\Think\View.class.php(110)  E  
File:D:\WWW\envmanage\ThinkPHP\Library\Think\View.class.php(72)  fetch  
File:D:\WWW\envmanage\ThinkPHP\Library\Think\Controller.class.php(56)  display  
File:D:\WWW\envmanage\Application\Home\Controller\BizProwledController.class.php(31)  display  
NOTIC: [8] Undefined index: file D:\WWW\envmanage\ThinkPHP\Library\Think\Log.class.php 第 54 行.
NOTIC: [8] Undefined index: line D:\WWW\envmanage\ThinkPHP\Library\Think\Log.class.php 第 54 行.
File:()  showList  
File:D:\WWW\envmanage\ThinkPHP\Library\Think\App.class.php(164)  invoke  
File:D:\WWW\envmanage\ThinkPHP\Library\Think\App.class.php(202)  exec  
File:D:\WWW\envmanage\ThinkPHP\Library\Think\Think.class.php(120)  run  
File:D:\WWW\envmanage\ThinkPHP\ThinkPHP.php(97)  start  
File:D:\WWW\envmanage\index.php(31)  require  
ERR: 模板不存在:./Application/Home/View/BizProwled/showList.html

[2016-11-17 07:26:04] ::1 /envmanage/index.php/
INFO: [ app_init ] --START--
INFO: Run Behavior\BuildLiteBehavior [ RunTime:0.000000s ]
INFO: Run Behavior\FlashBehaviors [ RunTime:0.001000s ]
INFO: [ app_init ] --END-- [ RunTime:0.002000s ]
INFO: [ app_begin ] --START--
INFO: Run Behavior\ReadHtmlCacheBehavior [ RunTime:0.002000s ]
INFO: [ app_begin ] --END-- [ RunTime:0.002000s ]
INFO: [ view_parse ] --START--
INFO: [ template_filter ] --START--
INFO: Run Behavior\ContentReplaceBehavior [ RunTime:0.001000s ]
INFO: [ template_filter ] --END-- [ RunTime:0.001000s ]
NOTIC: [8] Undefined variable: page_title D:\WWW\envmanage\Application\Runtime\Cache\Home\2a94b8bda04ff446dcedd42276fc99ee.php 第 6 行.
NOTIC: [8] Undefined variable: page_description D:\WWW\envmanage\Application\Runtime\Cache\Home\2a94b8bda04ff446dcedd42276fc99ee.php 第 8 行.
NOTIC: [8] Undefined variable: task_num D:\WWW\envmanage\Application\Runtime\Cache\Home\2a94b8bda04ff446dcedd42276fc99ee.php 第 164 行.
NOTIC: [8] Undefined variable: task_num D:\WWW\envmanage\Application\Runtime\Cache\Home\2a94b8bda04ff446dcedd42276fc99ee.php 第 167 行.
NOTIC: [8] Undefined variable: taskList D:\WWW\envmanage\Application\Runtime\Cache\Home\2a94b8bda04ff446dcedd42276fc99ee.php 第 171 行.
NOTIC: [8] Undefined variable: NOW_MENU D:\WWW\envmanage\Application\Runtime\Cache\Home\2a94b8bda04ff446dcedd42276fc99ee.php 第 271 行.
NOTIC: [8] Undefined variable: SECOND_NOW_MENU D:\WWW\envmanage\Application\Runtime\Cache\Home\2a94b8bda04ff446dcedd42276fc99ee.php 第 278 行.
NOTIC: [8] Undefined variable: SECOND_NOW_MENU D:\WWW\envmanage\Application\Runtime\Cache\Home\2a94b8bda04ff446dcedd42276fc99ee.php 第 278 行.
NOTIC: [8] Undefined variable: SECOND_NOW_MENU D:\WWW\envmanage\Application\Runtime\Cache\Home\2a94b8bda04ff446dcedd42276fc99ee.php 第 278 行.
NOTIC: [8] Undefined variable: SECOND_NOW_MENU D:\WWW\envmanage\Application\Runtime\Cache\Home\2a94b8bda04ff446dcedd42276fc99ee.php 第 278 行.
NOTIC: [8] Undefined variable: NOW_MENU D:\WWW\envmanage\Application\Runtime\Cache\Home\2a94b8bda04ff446dcedd42276fc99ee.php 第 271 行.
NOTIC: [8] Undefined variable: SECOND_NOW_MENU D:\WWW\envmanage\Application\Runtime\Cache\Home\2a94b8bda04ff446dcedd42276fc99ee.php 第 278 行.
NOTIC: [8] Undefined variable: SECOND_NOW_MENU D:\WWW\envmanage\Application\Runtime\Cache\Home\2a94b8bda04ff446dcedd42276fc99ee.php 第 278 行.
NOTIC: [8] Undefined variable: SECOND_NOW_MENU D:\WWW\envmanage\Application\Runtime\Cache\Home\2a94b8bda04ff446dcedd42276fc99ee.php 第 278 行.
NOTIC: [8] Undefined variable: SECOND_NOW_MENU D:\WWW\envmanage\Application\Runtime\Cache\Home\2a94b8bda04ff446dcedd42276fc99ee.php 第 278 行.
NOTIC: [8] Undefined variable: NOW_MENU D:\WWW\envmanage\Application\Runtime\Cache\Home\2a94b8bda04ff446dcedd42276fc99ee.php 第 271 行.
NOTIC: [8] Undefined variable: SECOND_NOW_MENU D:\WWW\envmanage\Application\Runtime\Cache\Home\2a94b8bda04ff446dcedd42276fc99ee.php 第 278 行.
NOTIC: [8] Undefined variable: SECOND_NOW_MENU D:\WWW\envmanage\Application\Runtime\Cache\Home\2a94b8bda04ff446dcedd42276fc99ee.php 第 278 行.
NOTIC: [8] Undefined variable: SECOND_NOW_MENU D:\WWW\envmanage\Application\Runtime\Cache\Home\2a94b8bda04ff446dcedd42276fc99ee.php 第 278 行.
NOTIC: [8] Undefined variable: SECOND_NOW_MENU D:\WWW\envmanage\Application\Runtime\Cache\Home\2a94b8bda04ff446dcedd42276fc99ee.php 第 278 行.
NOTIC: [8] Undefined variable: NOW_MENU D:\WWW\envmanage\Application\Runtime\Cache\Home\2a94b8bda04ff446dcedd42276fc99ee.php 第 271 行.
NOTIC: [8] Undefined variable: SECOND_NOW_MENU D:\WWW\envmanage\Application\Runtime\Cache\Home\2a94b8bda04ff446dcedd42276fc99ee.php 第 278 行.
NOTIC: [8] Undefined variable: SECOND_NOW_MENU D:\WWW\envmanage\Application\Runtime\Cache\Home\2a94b8bda04ff446dcedd42276fc99ee.php 第 278 行.
NOTIC: [8] Undefined variable: NOW_MENU D:\WWW\envmanage\Application\Runtime\Cache\Home\2a94b8bda04ff446dcedd42276fc99ee.php 第 271 行.
NOTIC: [8] Undefined variable: SECOND_NOW_MENU D:\WWW\envmanage\Application\Runtime\Cache\Home\2a94b8bda04ff446dcedd42276fc99ee.php 第 278 行.
NOTIC: [8] Undefined variable: SECOND_NOW_MENU D:\WWW\envmanage\Application\Runtime\Cache\Home\2a94b8bda04ff446dcedd42276fc99ee.php 第 278 行.
NOTIC: [8] Undefined variable: NOW_MENU D:\WWW\envmanage\Application\Runtime\Cache\Home\2a94b8bda04ff446dcedd42276fc99ee.php 第 271 行.
NOTIC: [8] Undefined variable: SECOND_NOW_MENU D:\WWW\envmanage\Application\Runtime\Cache\Home\2a94b8bda04ff446dcedd42276fc99ee.php 第 278 行.
NOTIC: [8] Undefined variable: SECOND_NOW_MENU D:\WWW\envmanage\Application\Runtime\Cache\Home\2a94b8bda04ff446dcedd42276fc99ee.php 第 278 行.
NOTIC: [8] Undefined variable: NOW_PATH D:\WWW\envmanage\Application\Runtime\Cache\Home\2a94b8bda04ff446dcedd42276fc99ee.php 第 311 行.
INFO: Run Behavior\ParseTemplateBehavior [ RunTime:0.032001s ]
INFO: [ view_parse ] --END-- [ RunTime:0.032001s ]
INFO: [ view_filter ] --START--
INFO: Run Behavior\WriteHtmlCacheBehavior [ RunTime:0.001000s ]
INFO: [ view_filter ] --END-- [ RunTime:0.001000s ]
INFO: [ app_end ] --START--
INFO: Run Behavior\ShowPageTraceBehavior [ RunTime:0.001000s ]
INFO: [ app_end ] --END-- [ RunTime:0.001000s ]

[2016-11-17 07:26:08] ::1 /envmanage/index.php/Home/BizProwled/showList?type=menu
INFO: [ app_init ] --START--
INFO: Run Behavior\BuildLiteBehavior [ RunTime:0.000000s ]
INFO: Run Behavior\FlashBehaviors [ RunTime:0.001000s ]
INFO: [ app_init ] --END-- [ RunTime:0.002000s ]
INFO: [ app_begin ] --START--
INFO: Run Behavior\ReadHtmlCacheBehavior [ RunTime:0.001000s ]
INFO: [ app_begin ] --END-- [ RunTime:0.001000s ]
SQL: SELECT * FROM `zy_business_type` WHERE `is_valid` = '1'  [ RunTime:0.0000s ]
SQL: SELECT COUNT(*) AS tp_count FROM `zy_biz_prowled` WHERE `is_valid` = '1' LIMIT 1   [ RunTime:0.0000s ]
SQL: SELECT * FROM `zy_biz_prowled` WHERE `is_valid` = '1' ORDER BY  ctime DESC  LIMIT 0,20   [ RunTime:0.0000s ]
INFO: [ view_parse ] --START--
INFO: [ template_filter ] --START--
INFO: Run Behavior\ContentReplaceBehavior [ RunTime:0.001000s ]
INFO: [ template_filter ] --END-- [ RunTime:0.001000s ]
NOTIC: [8] Undefined variable: page_title D:\WWW\envmanage\Application\Runtime\Cache\Home\b37ee0b7783bf482c0a75a74b54f3a89.php 第 6 行.
NOTIC: [8] Undefined variable: page_description D:\WWW\envmanage\Application\Runtime\Cache\Home\b37ee0b7783bf482c0a75a74b54f3a89.php 第 8 行.
NOTIC: [8] Undefined variable: task_num D:\WWW\envmanage\Application\Runtime\Cache\Home\b37ee0b7783bf482c0a75a74b54f3a89.php 第 164 行.
NOTIC: [8] Undefined variable: task_num D:\WWW\envmanage\Application\Runtime\Cache\Home\b37ee0b7783bf482c0a75a74b54f3a89.php 第 167 行.
NOTIC: [8] Undefined variable: taskList D:\WWW\envmanage\Application\Runtime\Cache\Home\b37ee0b7783bf482c0a75a74b54f3a89.php 第 171 行.
NOTIC: [8] Undefined variable: NOW_MENU D:\WWW\envmanage\Application\Runtime\Cache\Home\b37ee0b7783bf482c0a75a74b54f3a89.php 第 271 行.
NOTIC: [8] Undefined variable: SECOND_NOW_MENU D:\WWW\envmanage\Application\Runtime\Cache\Home\b37ee0b7783bf482c0a75a74b54f3a89.php 第 278 行.
NOTIC: [8] Undefined variable: SECOND_NOW_MENU D:\WWW\envmanage\Application\Runtime\Cache\Home\b37ee0b7783bf482c0a75a74b54f3a89.php 第 278 行.
NOTIC: [8] Undefined variable: SECOND_NOW_MENU D:\WWW\envmanage\Application\Runtime\Cache\Home\b37ee0b7783bf482c0a75a74b54f3a89.php 第 278 行.
NOTIC: [8] Undefined variable: SECOND_NOW_MENU D:\WWW\envmanage\Application\Runtime\Cache\Home\b37ee0b7783bf482c0a75a74b54f3a89.php 第 278 行.
NOTIC: [8] Undefined variable: NOW_MENU D:\WWW\envmanage\Application\Runtime\Cache\Home\b37ee0b7783bf482c0a75a74b54f3a89.php 第 271 行.
NOTIC: [8] Undefined variable: SECOND_NOW_MENU D:\WWW\envmanage\Application\Runtime\Cache\Home\b37ee0b7783bf482c0a75a74b54f3a89.php 第 278 行.
NOTIC: [8] Undefined variable: SECOND_NOW_MENU D:\WWW\envmanage\Application\Runtime\Cache\Home\b37ee0b7783bf482c0a75a74b54f3a89.php 第 278 行.
NOTIC: [8] Undefined variable: SECOND_NOW_MENU D:\WWW\envmanage\Application\Runtime\Cache\Home\b37ee0b7783bf482c0a75a74b54f3a89.php 第 278 行.
NOTIC: [8] Undefined variable: SECOND_NOW_MENU D:\WWW\envmanage\Application\Runtime\Cache\Home\b37ee0b7783bf482c0a75a74b54f3a89.php 第 278 行.
NOTIC: [8] Undefined variable: NOW_MENU D:\WWW\envmanage\Application\Runtime\Cache\Home\b37ee0b7783bf482c0a75a74b54f3a89.php 第 271 行.
NOTIC: [8] Undefined variable: SECOND_NOW_MENU D:\WWW\envmanage\Application\Runtime\Cache\Home\b37ee0b7783bf482c0a75a74b54f3a89.php 第 278 行.
NOTIC: [8] Undefined variable: SECOND_NOW_MENU D:\WWW\envmanage\Application\Runtime\Cache\Home\b37ee0b7783bf482c0a75a74b54f3a89.php 第 278 行.
NOTIC: [8] Undefined variable: SECOND_NOW_MENU D:\WWW\envmanage\Application\Runtime\Cache\Home\b37ee0b7783bf482c0a75a74b54f3a89.php 第 278 行.
NOTIC: [8] Undefined variable: SECOND_NOW_MENU D:\WWW\envmanage\Application\Runtime\Cache\Home\b37ee0b7783bf482c0a75a74b54f3a89.php 第 278 行.
NOTIC: [8] Undefined variable: NOW_MENU D:\WWW\envmanage\Application\Runtime\Cache\Home\b37ee0b7783bf482c0a75a74b54f3a89.php 第 271 行.
NOTIC: [8] Undefined variable: SECOND_NOW_MENU D:\WWW\envmanage\Application\Runtime\Cache\Home\b37ee0b7783bf482c0a75a74b54f3a89.php 第 278 行.
NOTIC: [8] Undefined variable: SECOND_NOW_MENU D:\WWW\envmanage\Application\Runtime\Cache\Home\b37ee0b7783bf482c0a75a74b54f3a89.php 第 278 行.
NOTIC: [8] Undefined variable: NOW_MENU D:\WWW\envmanage\Application\Runtime\Cache\Home\b37ee0b7783bf482c0a75a74b54f3a89.php 第 271 行.
NOTIC: [8] Undefined variable: SECOND_NOW_MENU D:\WWW\envmanage\Application\Runtime\Cache\Home\b37ee0b7783bf482c0a75a74b54f3a89.php 第 278 行.
NOTIC: [8] Undefined variable: SECOND_NOW_MENU D:\WWW\envmanage\Application\Runtime\Cache\Home\b37ee0b7783bf482c0a75a74b54f3a89.php 第 278 行.
NOTIC: [8] Undefined variable: NOW_MENU D:\WWW\envmanage\Application\Runtime\Cache\Home\b37ee0b7783bf482c0a75a74b54f3a89.php 第 271 行.
NOTIC: [8] Undefined variable: SECOND_NOW_MENU D:\WWW\envmanage\Application\Runtime\Cache\Home\b37ee0b7783bf482c0a75a74b54f3a89.php 第 278 行.
NOTIC: [8] Undefined variable: SECOND_NOW_MENU D:\WWW\envmanage\Application\Runtime\Cache\Home\b37ee0b7783bf482c0a75a74b54f3a89.php 第 278 行.
NOTIC: [8] Undefined variable: NOW_PATH D:\WWW\envmanage\Application\Runtime\Cache\Home\b37ee0b7783bf482c0a75a74b54f3a89.php 第 311 行.
NOTIC: [8] Undefined index: name D:\WWW\envmanage\Application\Runtime\Cache\Home\b37ee0b7783bf482c0a75a74b54f3a89.php 第 427 行.
NOTIC: [8] Undefined index: type_id D:\WWW\envmanage\Application\Runtime\Cache\Home\b37ee0b7783bf482c0a75a74b54f3a89.php 第 428 行.
NOTIC: [8] Undefined index: addr D:\WWW\envmanage\Application\Runtime\Cache\Home\b37ee0b7783bf482c0a75a74b54f3a89.php 第 429 行.
NOTIC: [8] Undefined index: legal_person D:\WWW\envmanage\Application\Runtime\Cache\Home\b37ee0b7783bf482c0a75a74b54f3a89.php 第 430 行.
NOTIC: [8] Undefined index: legal_person_phone D:\WWW\envmanage\Application\Runtime\Cache\Home\b37ee0b7783bf482c0a75a74b54f3a89.php 第 431 行.
NOTIC: [8] Undefined index: business_license D:\WWW\envmanage\Application\Runtime\Cache\Home\b37ee0b7783bf482c0a75a74b54f3a89.php 第 432 行.
INFO: Run Behavior\ParseTemplateBehavior [ RunTime:0.024002s ]
INFO: [ view_parse ] --END-- [ RunTime:0.024002s ]
INFO: [ view_filter ] --START--
INFO: Run Behavior\WriteHtmlCacheBehavior [ RunTime:0.002000s ]
INFO: [ view_filter ] --END-- [ RunTime:0.002000s ]
INFO: [ app_end ] --START--
INFO: Run Behavior\ShowPageTraceBehavior [ RunTime:0.001000s ]
INFO: [ app_end ] --END-- [ RunTime:0.001000s ]

