[2016-11-18 21:45:19] ::1 /envmanage/index.php/
INFO: [ app_init ] --START--
INFO: Run Behavior\BuildLiteBehavior [ RunTime:0.000000s ]
INFO: Run Behavior\FlashBehaviors [ RunTime:0.003000s ]
INFO: [ app_init ] --END-- [ RunTime:0.012001s ]
INFO: [ app_begin ] --START--
INFO: Run Behavior\ReadHtmlCacheBehavior [ RunTime:0.011001s ]
INFO: [ app_begin ] --END-- [ RunTime:0.011001s ]
INFO: [ view_parse ] --START--
INFO: [ template_filter ] --START--
INFO: Run Behavior\ContentReplaceBehavior [ RunTime:0.000000s ]
INFO: [ template_filter ] --END-- [ RunTime:0.000000s ]
INFO: Run Behavior\ParseTemplateBehavior [ RunTime:0.075004s ]
INFO: [ view_parse ] --END-- [ RunTime:0.075004s ]
INFO: [ view_filter ] --START--
INFO: Run Behavior\WriteHtmlCacheBehavior [ RunTime:0.006000s ]
INFO: [ view_filter ] --END-- [ RunTime:0.006000s ]

[2016-11-18 21:45:20] ::1 /envmanage/index.php/
INFO: [ app_init ] --START--
INFO: Run Behavior\BuildLiteBehavior [ RunTime:0.000000s ]
INFO: Run Behavior\FlashBehaviors [ RunTime:0.000000s ]
INFO: [ app_init ] --END-- [ RunTime:0.001000s ]
INFO: [ app_begin ] --START--
INFO: Run Behavior\ReadHtmlCacheBehavior [ RunTime:0.001000s ]
INFO: [ app_begin ] --END-- [ RunTime:0.001000s ]
INFO: [ view_parse ] --START--
INFO: [ template_filter ] --START--
INFO: Run Behavior\ContentReplaceBehavior [ RunTime:0.000000s ]
INFO: [ template_filter ] --END-- [ RunTime:0.000000s ]
INFO: Run Behavior\ParseTemplateBehavior [ RunTime:0.007000s ]
INFO: [ view_parse ] --END-- [ RunTime:0.011001s ]
INFO: [ view_filter ] --START--
INFO: Run Behavior\WriteHtmlCacheBehavior [ RunTime:0.001000s ]
INFO: [ view_filter ] --END-- [ RunTime:0.001000s ]

[2016-11-18 21:46:26] ::1 /envmanage/index.php/
INFO: [ app_init ] --START--
INFO: Run Behavior\BuildLiteBehavior [ RunTime:0.000000s ]
INFO: Run Behavior\FlashBehaviors [ RunTime:0.001000s ]
INFO: [ app_init ] --END-- [ RunTime:0.002000s ]
INFO: [ app_begin ] --START--
INFO: Run Behavior\ReadHtmlCacheBehavior [ RunTime:0.001000s ]
INFO: [ app_begin ] --END-- [ RunTime:0.001000s ]
INFO: [ view_parse ] --START--
INFO: [ template_filter ] --START--
INFO: Run Behavior\ContentReplaceBehavior [ RunTime:0.000000s ]
INFO: [ template_filter ] --END-- [ RunTime:0.000000s ]
INFO: Run Behavior\ParseTemplateBehavior [ RunTime:0.007000s ]
INFO: [ view_parse ] --END-- [ RunTime:0.007000s ]
INFO: [ view_filter ] --START--
INFO: Run Behavior\WriteHtmlCacheBehavior [ RunTime:0.001000s ]
INFO: [ view_filter ] --END-- [ RunTime:0.001000s ]

[2016-11-18 21:46:29] ::1 /envmanage/index.php/Home/Login/index
INFO: [ app_init ] --START--
INFO: Run Behavior\BuildLiteBehavior [ RunTime:0.000000s ]
INFO: Run Behavior\FlashBehaviors [ RunTime:0.000000s ]
INFO: [ app_init ] --END-- [ RunTime:0.001000s ]
INFO: [ app_begin ] --START--
INFO: Run Behavior\ReadHtmlCacheBehavior [ RunTime:0.001000s ]
INFO: [ app_begin ] --END-- [ RunTime:0.001000s ]
INFO: [ view_parse ] --START--
INFO: [ template_filter ] --START--
INFO: Run Behavior\ContentReplaceBehavior [ RunTime:0.000000s ]
INFO: [ template_filter ] --END-- [ RunTime:0.000000s ]
INFO: Run Behavior\ParseTemplateBehavior [ RunTime:0.017001s ]
INFO: [ view_parse ] --END-- [ RunTime:0.017001s ]
INFO: [ view_filter ] --START--
INFO: Run Behavior\WriteHtmlCacheBehavior [ RunTime:0.001000s ]
INFO: [ view_filter ] --END-- [ RunTime:0.001000s ]
INFO: [ app_end ] --START--
INFO: Run Behavior\ShowPageTraceBehavior [ RunTime:0.015001s ]
INFO: [ app_end ] --END-- [ RunTime:0.015001s ]

[2016-11-18 21:46:32] ::1 /envmanage/index.php/Home/Login/login?account=super_admin&password=123456
INFO: [ app_init ] --START--
INFO: Run Behavior\BuildLiteBehavior [ RunTime:0.000000s ]
INFO: Run Behavior\FlashBehaviors [ RunTime:0.001000s ]
INFO: [ app_init ] --END-- [ RunTime:0.002001s ]
INFO: [ app_begin ] --START--
INFO: Run Behavior\ReadHtmlCacheBehavior [ RunTime:0.000000s ]
INFO: [ app_begin ] --END-- [ RunTime:0.000000s ]
SQL: SELECT * FROM `zy_user` WHERE `account` = 'super_admin' AND `is_valid` = '1' LIMIT 1   [ RunTime:0.0070s ]
INFO: [ view_parse ] --START--
INFO: [ template_filter ] --START--
INFO: Run Behavior\ContentReplaceBehavior [ RunTime:0.000000s ]
INFO: [ template_filter ] --END-- [ RunTime:0.000000s ]
INFO: Run Behavior\ParseTemplateBehavior [ RunTime:0.023002s ]
INFO: [ view_parse ] --END-- [ RunTime:0.023002s ]
INFO: [ view_filter ] --START--
INFO: Run Behavior\WriteHtmlCacheBehavior [ RunTime:0.000000s ]
INFO: [ view_filter ] --END-- [ RunTime:0.001000s ]
INFO: [ app_end ] --START--
INFO: Run Behavior\ShowPageTraceBehavior [ RunTime:0.000000s ]
INFO: [ app_end ] --END-- [ RunTime:0.000000s ]

[2016-11-18 21:46:33] ::1 /envmanage/index.php/Home/Index/index
INFO: [ app_init ] --START--
INFO: Run Behavior\BuildLiteBehavior [ RunTime:0.000000s ]
INFO: Run Behavior\FlashBehaviors [ RunTime:0.001000s ]
INFO: [ app_init ] --END-- [ RunTime:0.001000s ]
INFO: [ app_begin ] --START--
INFO: Run Behavior\ReadHtmlCacheBehavior [ RunTime:0.001000s ]
INFO: [ app_begin ] --END-- [ RunTime:0.001000s ]
INFO: [ view_parse ] --START--
INFO: [ template_filter ] --START--
INFO: Run Behavior\ContentReplaceBehavior [ RunTime:0.000000s ]
INFO: [ template_filter ] --END-- [ RunTime:0.000000s ]
NOTIC: [8] Undefined variable: page_title D:\WWW\envmanage\Application\Runtime\Cache\Home\2a94b8bda04ff446dcedd42276fc99ee.php 第 6 行.
NOTIC: [8] Undefined variable: page_description D:\WWW\envmanage\Application\Runtime\Cache\Home\2a94b8bda04ff446dcedd42276fc99ee.php 第 8 行.
NOTIC: [8] Undefined variable: task_num D:\WWW\envmanage\Application\Runtime\Cache\Home\2a94b8bda04ff446dcedd42276fc99ee.php 第 164 行.
NOTIC: [8] Undefined variable: task_num D:\WWW\envmanage\Application\Runtime\Cache\Home\2a94b8bda04ff446dcedd42276fc99ee.php 第 167 行.
NOTIC: [8] Undefined variable: taskList D:\WWW\envmanage\Application\Runtime\Cache\Home\2a94b8bda04ff446dcedd42276fc99ee.php 第 171 行.
NOTIC: [8] Undefined variable: NOW_MENU D:\WWW\envmanage\Application\Runtime\Cache\Home\2a94b8bda04ff446dcedd42276fc99ee.php 第 271 行.
NOTIC: [8] Undefined variable: SECOND_NOW_MENU D:\WWW\envmanage\Application\Runtime\Cache\Home\2a94b8bda04ff446dcedd42276fc99ee.php 第 278 行.
NOTIC: [8] Undefined variable: SECOND_NOW_MENU D:\WWW\envmanage\Application\Runtime\Cache\Home\2a94b8bda04ff446dcedd42276fc99ee.php 第 278 行.
NOTIC: [8] Undefined variable: SECOND_NOW_MENU D:\WWW\envmanage\Application\Runtime\Cache\Home\2a94b8bda04ff446dcedd42276fc99ee.php 第 278 行.
NOTIC: [8] Undefined variable: SECOND_NOW_MENU D:\WWW\envmanage\Application\Runtime\Cache\Home\2a94b8bda04ff446dcedd42276fc99ee.php 第 278 行.
NOTIC: [8] Undefined variable: NOW_MENU D:\WWW\envmanage\Application\Runtime\Cache\Home\2a94b8bda04ff446dcedd42276fc99ee.php 第 271 行.
NOTIC: [8] Undefined variable: SECOND_NOW_MENU D:\WWW\envmanage\Application\Runtime\Cache\Home\2a94b8bda04ff446dcedd42276fc99ee.php 第 278 行.
NOTIC: [8] Undefined variable: SECOND_NOW_MENU D:\WWW\envmanage\Application\Runtime\Cache\Home\2a94b8bda04ff446dcedd42276fc99ee.php 第 278 行.
NOTIC: [8] Undefined variable: SECOND_NOW_MENU D:\WWW\envmanage\Application\Runtime\Cache\Home\2a94b8bda04ff446dcedd42276fc99ee.php 第 278 行.
NOTIC: [8] Undefined variable: SECOND_NOW_MENU D:\WWW\envmanage\Application\Runtime\Cache\Home\2a94b8bda04ff446dcedd42276fc99ee.php 第 278 行.
NOTIC: [8] Undefined variable: NOW_MENU D:\WWW\envmanage\Application\Runtime\Cache\Home\2a94b8bda04ff446dcedd42276fc99ee.php 第 271 行.
NOTIC: [8] Undefined variable: SECOND_NOW_MENU D:\WWW\envmanage\Application\Runtime\Cache\Home\2a94b8bda04ff446dcedd42276fc99ee.php 第 278 行.
NOTIC: [8] Undefined variable: SECOND_NOW_MENU D:\WWW\envmanage\Application\Runtime\Cache\Home\2a94b8bda04ff446dcedd42276fc99ee.php 第 278 行.
NOTIC: [8] Undefined variable: SECOND_NOW_MENU D:\WWW\envmanage\Application\Runtime\Cache\Home\2a94b8bda04ff446dcedd42276fc99ee.php 第 278 行.
NOTIC: [8] Undefined variable: SECOND_NOW_MENU D:\WWW\envmanage\Application\Runtime\Cache\Home\2a94b8bda04ff446dcedd42276fc99ee.php 第 278 行.
NOTIC: [8] Undefined variable: NOW_MENU D:\WWW\envmanage\Application\Runtime\Cache\Home\2a94b8bda04ff446dcedd42276fc99ee.php 第 271 行.
NOTIC: [8] Undefined variable: SECOND_NOW_MENU D:\WWW\envmanage\Application\Runtime\Cache\Home\2a94b8bda04ff446dcedd42276fc99ee.php 第 278 行.
NOTIC: [8] Undefined variable: SECOND_NOW_MENU D:\WWW\envmanage\Application\Runtime\Cache\Home\2a94b8bda04ff446dcedd42276fc99ee.php 第 278 行.
NOTIC: [8] Undefined variable: NOW_MENU D:\WWW\envmanage\Application\Runtime\Cache\Home\2a94b8bda04ff446dcedd42276fc99ee.php 第 271 行.
NOTIC: [8] Undefined variable: SECOND_NOW_MENU D:\WWW\envmanage\Application\Runtime\Cache\Home\2a94b8bda04ff446dcedd42276fc99ee.php 第 278 行.
NOTIC: [8] Undefined variable: SECOND_NOW_MENU D:\WWW\envmanage\Application\Runtime\Cache\Home\2a94b8bda04ff446dcedd42276fc99ee.php 第 278 行.
NOTIC: [8] Undefined variable: NOW_MENU D:\WWW\envmanage\Application\Runtime\Cache\Home\2a94b8bda04ff446dcedd42276fc99ee.php 第 271 行.
NOTIC: [8] Undefined variable: SECOND_NOW_MENU D:\WWW\envmanage\Application\Runtime\Cache\Home\2a94b8bda04ff446dcedd42276fc99ee.php 第 278 行.
NOTIC: [8] Undefined variable: SECOND_NOW_MENU D:\WWW\envmanage\Application\Runtime\Cache\Home\2a94b8bda04ff446dcedd42276fc99ee.php 第 278 行.
NOTIC: [8] Undefined variable: NOW_PATH D:\WWW\envmanage\Application\Runtime\Cache\Home\2a94b8bda04ff446dcedd42276fc99ee.php 第 311 行.
NOTIC: [8] Undefined index: loginUserName D:\WWW\envmanage\Application\Runtime\Cache\Home\2a94b8bda04ff446dcedd42276fc99ee.php 第 360 行.
INFO: Run Behavior\ParseTemplateBehavior [ RunTime:0.049003s ]
INFO: [ view_parse ] --END-- [ RunTime:0.049003s ]
INFO: [ view_filter ] --START--
INFO: Run Behavior\WriteHtmlCacheBehavior [ RunTime:0.001000s ]
INFO: [ view_filter ] --END-- [ RunTime:0.001000s ]
INFO: [ app_end ] --START--
INFO: Run Behavior\ShowPageTraceBehavior [ RunTime:0.001000s ]
INFO: [ app_end ] --END-- [ RunTime:0.001000s ]

[2016-11-18 21:48:47] ::1 /envmanage/index.php/Home/BizProwled/showList?type=menu
INFO: [ app_init ] --START--
INFO: Run Behavior\BuildLiteBehavior [ RunTime:0.000000s ]
INFO: Run Behavior\FlashBehaviors [ RunTime:0.001000s ]
INFO: [ app_init ] --END-- [ RunTime:0.002000s ]
INFO: [ app_begin ] --START--
INFO: Run Behavior\ReadHtmlCacheBehavior [ RunTime:0.001000s ]
INFO: [ app_begin ] --END-- [ RunTime:0.001000s ]
SQL: SELECT * FROM `zy_business_type` WHERE `is_valid` = '1'  [ RunTime:0.0080s ]
SQL: SELECT COUNT(*) AS tp_count FROM `zy_biz_prowled` WHERE `is_valid` = '1' LIMIT 1   [ RunTime:0.0080s ]
SQL: SELECT * FROM `zy_biz_prowled` WHERE `is_valid` = '1' ORDER BY  ctime DESC  LIMIT 0,20   [ RunTime:0.0010s ]
INFO: [ view_parse ] --START--
INFO: [ template_filter ] --START--
INFO: Run Behavior\ContentReplaceBehavior [ RunTime:0.000000s ]
INFO: [ template_filter ] --END-- [ RunTime:0.001000s ]
NOTIC: [8] Undefined variable: page_title D:\WWW\envmanage\Application\Runtime\Cache\Home\b37ee0b7783bf482c0a75a74b54f3a89.php 第 6 行.
NOTIC: [8] Undefined variable: page_description D:\WWW\envmanage\Application\Runtime\Cache\Home\b37ee0b7783bf482c0a75a74b54f3a89.php 第 8 行.
NOTIC: [8] Undefined variable: task_num D:\WWW\envmanage\Application\Runtime\Cache\Home\b37ee0b7783bf482c0a75a74b54f3a89.php 第 164 行.
NOTIC: [8] Undefined variable: task_num D:\WWW\envmanage\Application\Runtime\Cache\Home\b37ee0b7783bf482c0a75a74b54f3a89.php 第 167 行.
NOTIC: [8] Undefined variable: taskList D:\WWW\envmanage\Application\Runtime\Cache\Home\b37ee0b7783bf482c0a75a74b54f3a89.php 第 171 行.
NOTIC: [8] Undefined variable: NOW_MENU D:\WWW\envmanage\Application\Runtime\Cache\Home\b37ee0b7783bf482c0a75a74b54f3a89.php 第 271 行.
NOTIC: [8] Undefined variable: SECOND_NOW_MENU D:\WWW\envmanage\Application\Runtime\Cache\Home\b37ee0b7783bf482c0a75a74b54f3a89.php 第 278 行.
NOTIC: [8] Undefined variable: SECOND_NOW_MENU D:\WWW\envmanage\Application\Runtime\Cache\Home\b37ee0b7783bf482c0a75a74b54f3a89.php 第 278 行.
NOTIC: [8] Undefined variable: SECOND_NOW_MENU D:\WWW\envmanage\Application\Runtime\Cache\Home\b37ee0b7783bf482c0a75a74b54f3a89.php 第 278 行.
NOTIC: [8] Undefined variable: SECOND_NOW_MENU D:\WWW\envmanage\Application\Runtime\Cache\Home\b37ee0b7783bf482c0a75a74b54f3a89.php 第 278 行.
NOTIC: [8] Undefined variable: NOW_MENU D:\WWW\envmanage\Application\Runtime\Cache\Home\b37ee0b7783bf482c0a75a74b54f3a89.php 第 271 行.
NOTIC: [8] Undefined variable: SECOND_NOW_MENU D:\WWW\envmanage\Application\Runtime\Cache\Home\b37ee0b7783bf482c0a75a74b54f3a89.php 第 278 行.
NOTIC: [8] Undefined variable: SECOND_NOW_MENU D:\WWW\envmanage\Application\Runtime\Cache\Home\b37ee0b7783bf482c0a75a74b54f3a89.php 第 278 行.
NOTIC: [8] Undefined variable: SECOND_NOW_MENU D:\WWW\envmanage\Application\Runtime\Cache\Home\b37ee0b7783bf482c0a75a74b54f3a89.php 第 278 行.
NOTIC: [8] Undefined variable: SECOND_NOW_MENU D:\WWW\envmanage\Application\Runtime\Cache\Home\b37ee0b7783bf482c0a75a74b54f3a89.php 第 278 行.
NOTIC: [8] Undefined variable: NOW_MENU D:\WWW\envmanage\Application\Runtime\Cache\Home\b37ee0b7783bf482c0a75a74b54f3a89.php 第 271 行.
NOTIC: [8] Undefined variable: SECOND_NOW_MENU D:\WWW\envmanage\Application\Runtime\Cache\Home\b37ee0b7783bf482c0a75a74b54f3a89.php 第 278 行.
NOTIC: [8] Undefined variable: SECOND_NOW_MENU D:\WWW\envmanage\Application\Runtime\Cache\Home\b37ee0b7783bf482c0a75a74b54f3a89.php 第 278 行.
NOTIC: [8] Undefined variable: SECOND_NOW_MENU D:\WWW\envmanage\Application\Runtime\Cache\Home\b37ee0b7783bf482c0a75a74b54f3a89.php 第 278 行.
NOTIC: [8] Undefined variable: SECOND_NOW_MENU D:\WWW\envmanage\Application\Runtime\Cache\Home\b37ee0b7783bf482c0a75a74b54f3a89.php 第 278 行.
NOTIC: [8] Undefined variable: NOW_MENU D:\WWW\envmanage\Application\Runtime\Cache\Home\b37ee0b7783bf482c0a75a74b54f3a89.php 第 271 行.
NOTIC: [8] Undefined variable: SECOND_NOW_MENU D:\WWW\envmanage\Application\Runtime\Cache\Home\b37ee0b7783bf482c0a75a74b54f3a89.php 第 278 行.
NOTIC: [8] Undefined variable: SECOND_NOW_MENU D:\WWW\envmanage\Application\Runtime\Cache\Home\b37ee0b7783bf482c0a75a74b54f3a89.php 第 278 行.
NOTIC: [8] Undefined variable: NOW_MENU D:\WWW\envmanage\Application\Runtime\Cache\Home\b37ee0b7783bf482c0a75a74b54f3a89.php 第 271 行.
NOTIC: [8] Undefined variable: SECOND_NOW_MENU D:\WWW\envmanage\Application\Runtime\Cache\Home\b37ee0b7783bf482c0a75a74b54f3a89.php 第 278 行.
NOTIC: [8] Undefined variable: SECOND_NOW_MENU D:\WWW\envmanage\Application\Runtime\Cache\Home\b37ee0b7783bf482c0a75a74b54f3a89.php 第 278 行.
NOTIC: [8] Undefined variable: NOW_MENU D:\WWW\envmanage\Application\Runtime\Cache\Home\b37ee0b7783bf482c0a75a74b54f3a89.php 第 271 行.
NOTIC: [8] Undefined variable: SECOND_NOW_MENU D:\WWW\envmanage\Application\Runtime\Cache\Home\b37ee0b7783bf482c0a75a74b54f3a89.php 第 278 行.
NOTIC: [8] Undefined variable: SECOND_NOW_MENU D:\WWW\envmanage\Application\Runtime\Cache\Home\b37ee0b7783bf482c0a75a74b54f3a89.php 第 278 行.
NOTIC: [8] Undefined variable: NOW_PATH D:\WWW\envmanage\Application\Runtime\Cache\Home\b37ee0b7783bf482c0a75a74b54f3a89.php 第 311 行.
NOTIC: [8] Undefined index: name D:\WWW\envmanage\Application\Runtime\Cache\Home\b37ee0b7783bf482c0a75a74b54f3a89.php 第 427 行.
NOTIC: [8] Undefined index: type_id D:\WWW\envmanage\Application\Runtime\Cache\Home\b37ee0b7783bf482c0a75a74b54f3a89.php 第 428 行.
NOTIC: [8] Undefined index: addr D:\WWW\envmanage\Application\Runtime\Cache\Home\b37ee0b7783bf482c0a75a74b54f3a89.php 第 429 行.
NOTIC: [8] Undefined index: legal_person D:\WWW\envmanage\Application\Runtime\Cache\Home\b37ee0b7783bf482c0a75a74b54f3a89.php 第 430 行.
NOTIC: [8] Undefined index: legal_person_phone D:\WWW\envmanage\Application\Runtime\Cache\Home\b37ee0b7783bf482c0a75a74b54f3a89.php 第 431 行.
NOTIC: [8] Undefined index: business_license D:\WWW\envmanage\Application\Runtime\Cache\Home\b37ee0b7783bf482c0a75a74b54f3a89.php 第 432 行.
INFO: Run Behavior\ParseTemplateBehavior [ RunTime:0.031002s ]
INFO: [ view_parse ] --END-- [ RunTime:0.031002s ]
INFO: [ view_filter ] --START--
INFO: Run Behavior\WriteHtmlCacheBehavior [ RunTime:0.001000s ]
INFO: [ view_filter ] --END-- [ RunTime:0.001000s ]
INFO: [ app_end ] --START--
INFO: Run Behavior\ShowPageTraceBehavior [ RunTime:0.001000s ]
INFO: [ app_end ] --END-- [ RunTime:0.001000s ]

[2016-11-18 21:48:50] ::1 /envmanage/index.php/Home/User/add?type=menu
INFO: [ app_init ] --START--
INFO: Run Behavior\BuildLiteBehavior [ RunTime:0.000000s ]
INFO: Run Behavior\FlashBehaviors [ RunTime:0.001000s ]
INFO: [ app_init ] --END-- [ RunTime:0.001000s ]
INFO: [ app_begin ] --START--
INFO: Run Behavior\ReadHtmlCacheBehavior [ RunTime:0.001000s ]
INFO: [ app_begin ] --END-- [ RunTime:0.001000s ]
INFO: [ view_parse ] --START--
INFO: [ template_filter ] --START--
INFO: Run Behavior\ContentReplaceBehavior [ RunTime:0.001000s ]
INFO: [ template_filter ] --END-- [ RunTime:0.001000s ]
NOTIC: [8] Undefined variable: page_title D:\WWW\envmanage\Application\Runtime\Cache\Home\51314fa94d937b3291f33156c1bd5fa4.php 第 6 行.
NOTIC: [8] Undefined variable: page_description D:\WWW\envmanage\Application\Runtime\Cache\Home\51314fa94d937b3291f33156c1bd5fa4.php 第 8 行.
NOTIC: [8] Undefined variable: task_num D:\WWW\envmanage\Application\Runtime\Cache\Home\51314fa94d937b3291f33156c1bd5fa4.php 第 164 行.
NOTIC: [8] Undefined variable: task_num D:\WWW\envmanage\Application\Runtime\Cache\Home\51314fa94d937b3291f33156c1bd5fa4.php 第 167 行.
NOTIC: [8] Undefined variable: taskList D:\WWW\envmanage\Application\Runtime\Cache\Home\51314fa94d937b3291f33156c1bd5fa4.php 第 171 行.
NOTIC: [8] Undefined variable: NOW_MENU D:\WWW\envmanage\Application\Runtime\Cache\Home\51314fa94d937b3291f33156c1bd5fa4.php 第 271 行.
NOTIC: [8] Undefined variable: SECOND_NOW_MENU D:\WWW\envmanage\Application\Runtime\Cache\Home\51314fa94d937b3291f33156c1bd5fa4.php 第 278 行.
NOTIC: [8] Undefined variable: SECOND_NOW_MENU D:\WWW\envmanage\Application\Runtime\Cache\Home\51314fa94d937b3291f33156c1bd5fa4.php 第 278 行.
NOTIC: [8] Undefined variable: SECOND_NOW_MENU D:\WWW\envmanage\Application\Runtime\Cache\Home\51314fa94d937b3291f33156c1bd5fa4.php 第 278 行.
NOTIC: [8] Undefined variable: SECOND_NOW_MENU D:\WWW\envmanage\Application\Runtime\Cache\Home\51314fa94d937b3291f33156c1bd5fa4.php 第 278 行.
NOTIC: [8] Undefined variable: NOW_MENU D:\WWW\envmanage\Application\Runtime\Cache\Home\51314fa94d937b3291f33156c1bd5fa4.php 第 271 行.
NOTIC: [8] Undefined variable: SECOND_NOW_MENU D:\WWW\envmanage\Application\Runtime\Cache\Home\51314fa94d937b3291f33156c1bd5fa4.php 第 278 行.
NOTIC: [8] Undefined variable: SECOND_NOW_MENU D:\WWW\envmanage\Application\Runtime\Cache\Home\51314fa94d937b3291f33156c1bd5fa4.php 第 278 行.
NOTIC: [8] Undefined variable: SECOND_NOW_MENU D:\WWW\envmanage\Application\Runtime\Cache\Home\51314fa94d937b3291f33156c1bd5fa4.php 第 278 行.
NOTIC: [8] Undefined variable: SECOND_NOW_MENU D:\WWW\envmanage\Application\Runtime\Cache\Home\51314fa94d937b3291f33156c1bd5fa4.php 第 278 行.
NOTIC: [8] Undefined variable: NOW_MENU D:\WWW\envmanage\Application\Runtime\Cache\Home\51314fa94d937b3291f33156c1bd5fa4.php 第 271 行.
NOTIC: [8] Undefined variable: SECOND_NOW_MENU D:\WWW\envmanage\Application\Runtime\Cache\Home\51314fa94d937b3291f33156c1bd5fa4.php 第 278 行.
NOTIC: [8] Undefined variable: SECOND_NOW_MENU D:\WWW\envmanage\Application\Runtime\Cache\Home\51314fa94d937b3291f33156c1bd5fa4.php 第 278 行.
NOTIC: [8] Undefined variable: SECOND_NOW_MENU D:\WWW\envmanage\Application\Runtime\Cache\Home\51314fa94d937b3291f33156c1bd5fa4.php 第 278 行.
NOTIC: [8] Undefined variable: SECOND_NOW_MENU D:\WWW\envmanage\Application\Runtime\Cache\Home\51314fa94d937b3291f33156c1bd5fa4.php 第 278 行.
NOTIC: [8] Undefined variable: NOW_MENU D:\WWW\envmanage\Application\Runtime\Cache\Home\51314fa94d937b3291f33156c1bd5fa4.php 第 271 行.
NOTIC: [8] Undefined variable: SECOND_NOW_MENU D:\WWW\envmanage\Application\Runtime\Cache\Home\51314fa94d937b3291f33156c1bd5fa4.php 第 278 行.
NOTIC: [8] Undefined variable: SECOND_NOW_MENU D:\WWW\envmanage\Application\Runtime\Cache\Home\51314fa94d937b3291f33156c1bd5fa4.php 第 278 行.
NOTIC: [8] Undefined variable: NOW_MENU D:\WWW\envmanage\Application\Runtime\Cache\Home\51314fa94d937b3291f33156c1bd5fa4.php 第 271 行.
NOTIC: [8] Undefined variable: SECOND_NOW_MENU D:\WWW\envmanage\Application\Runtime\Cache\Home\51314fa94d937b3291f33156c1bd5fa4.php 第 278 行.
NOTIC: [8] Undefined variable: SECOND_NOW_MENU D:\WWW\envmanage\Application\Runtime\Cache\Home\51314fa94d937b3291f33156c1bd5fa4.php 第 278 行.
NOTIC: [8] Undefined variable: NOW_MENU D:\WWW\envmanage\Application\Runtime\Cache\Home\51314fa94d937b3291f33156c1bd5fa4.php 第 271 行.
NOTIC: [8] Undefined variable: SECOND_NOW_MENU D:\WWW\envmanage\Application\Runtime\Cache\Home\51314fa94d937b3291f33156c1bd5fa4.php 第 278 行.
NOTIC: [8] Undefined variable: SECOND_NOW_MENU D:\WWW\envmanage\Application\Runtime\Cache\Home\51314fa94d937b3291f33156c1bd5fa4.php 第 278 行.
NOTIC: [8] Undefined variable: NOW_PATH D:\WWW\envmanage\Application\Runtime\Cache\Home\51314fa94d937b3291f33156c1bd5fa4.php 第 311 行.
NOTIC: [8] Undefined variable: info D:\WWW\envmanage\Application\Runtime\Cache\Home\51314fa94d937b3291f33156c1bd5fa4.php 第 375 行.
NOTIC: [8] Undefined variable: info D:\WWW\envmanage\Application\Runtime\Cache\Home\51314fa94d937b3291f33156c1bd5fa4.php 第 382 行.
NOTIC: [8] Undefined variable: info D:\WWW\envmanage\Application\Runtime\Cache\Home\51314fa94d937b3291f33156c1bd5fa4.php 第 392 行.
NOTIC: [8] Undefined variable: info D:\WWW\envmanage\Application\Runtime\Cache\Home\51314fa94d937b3291f33156c1bd5fa4.php 第 392 行.
NOTIC: [8] Undefined variable: info D:\WWW\envmanage\Application\Runtime\Cache\Home\51314fa94d937b3291f33156c1bd5fa4.php 第 404 行.
NOTIC: [8] Undefined variable: info D:\WWW\envmanage\Application\Runtime\Cache\Home\51314fa94d937b3291f33156c1bd5fa4.php 第 405 行.
NOTIC: [8] Undefined variable: info D:\WWW\envmanage\Application\Runtime\Cache\Home\51314fa94d937b3291f33156c1bd5fa4.php 第 413 行.
NOTIC: [8] Undefined variable: info D:\WWW\envmanage\Application\Runtime\Cache\Home\51314fa94d937b3291f33156c1bd5fa4.php 第 420 行.
NOTIC: [8] Undefined variable: info D:\WWW\envmanage\Application\Runtime\Cache\Home\51314fa94d937b3291f33156c1bd5fa4.php 第 427 行.
NOTIC: [8] Undefined variable: info D:\WWW\envmanage\Application\Runtime\Cache\Home\51314fa94d937b3291f33156c1bd5fa4.php 第 433 行.
NOTIC: [8] Undefined variable: info D:\WWW\envmanage\Application\Runtime\Cache\Home\51314fa94d937b3291f33156c1bd5fa4.php 第 439 行.
NOTIC: [8] Undefined variable: info D:\WWW\envmanage\Application\Runtime\Cache\Home\51314fa94d937b3291f33156c1bd5fa4.php 第 445 行.
INFO: Run Behavior\ParseTemplateBehavior [ RunTime:0.062004s ]
INFO: [ view_parse ] --END-- [ RunTime:0.062004s ]
INFO: [ view_filter ] --START--
INFO: Run Behavior\WriteHtmlCacheBehavior [ RunTime:0.001000s ]
INFO: [ view_filter ] --END-- [ RunTime:0.001000s ]

[2016-11-18 21:48:59] ::1 /envmanage/index.php/Home/BizProwled/modify?type=menu&id=1
INFO: [ app_init ] --START--
INFO: Run Behavior\BuildLiteBehavior [ RunTime:0.000000s ]
INFO: Run Behavior\FlashBehaviors [ RunTime:0.000000s ]
INFO: [ app_init ] --END-- [ RunTime:0.001000s ]
INFO: [ app_begin ] --START--
INFO: Run Behavior\ReadHtmlCacheBehavior [ RunTime:0.000000s ]
INFO: [ app_begin ] --END-- [ RunTime:0.001000s ]
SQL: SELECT * FROM `zy_business_type` WHERE `is_valid` = '1'  [ RunTime:0.0010s ]
SQL: SELECT * FROM `zy_biz_prowled` WHERE `id` = '1' LIMIT 1   [ RunTime:0.0010s ]
File:D:\WWW\envmanage\ThinkPHP\Library\Think\View.class.php(110)  E  
File:D:\WWW\envmanage\ThinkPHP\Library\Think\View.class.php(72)  fetch  
File:D:\WWW\envmanage\ThinkPHP\Library\Think\Controller.class.php(56)  display  
File:D:\WWW\envmanage\Application\Home\Controller\BizProwledController.class.php(56)  display  
NOTIC: [8] Undefined index: file D:\WWW\envmanage\ThinkPHP\Library\Think\Log.class.php 第 54 行.
NOTIC: [8] Undefined index: line D:\WWW\envmanage\ThinkPHP\Library\Think\Log.class.php 第 54 行.
File:()  modify  
File:D:\WWW\envmanage\ThinkPHP\Library\Think\App.class.php(164)  invoke  
File:D:\WWW\envmanage\ThinkPHP\Library\Think\App.class.php(202)  exec  
File:D:\WWW\envmanage\ThinkPHP\Library\Think\Think.class.php(120)  run  
File:D:\WWW\envmanage\ThinkPHP\ThinkPHP.php(97)  start  
File:D:\WWW\envmanage\index.php(31)  require  
ERR: 模板不存在:./Application/Home/View/BizProwled/modify.html

