[2016-11-09 00:59:18] ::1 /hotel/index.php/
INFO: [ app_init ] --START--
INFO: Run Behavior\BuildLiteBehavior [ RunTime:0.000000s ]
INFO: Run Behavior\FlashBehaviors [ RunTime:0.011001s ]
INFO: [ app_init ] --END-- [ RunTime:0.012001s ]

[2016-11-09 00:59:30] ::1 /hotel/index.php/
INFO: [ app_init ] --START--
INFO: Run Behavior\BuildLiteBehavior [ RunTime:0.000000s ]
INFO: Run Behavior\FlashBehaviors [ RunTime:0.005000s ]
INFO: [ app_init ] --END-- [ RunTime:0.006000s ]

[2016-11-09 00:59:33] ::1 /hotel/index.php/Home/Login/index
INFO: [ app_init ] --START--
INFO: Run Behavior\BuildLiteBehavior [ RunTime:0.000000s ]
INFO: Run Behavior\FlashBehaviors [ RunTime:0.015001s ]
INFO: [ app_init ] --END-- [ RunTime:0.016001s ]

[2016-11-09 00:59:37] ::1 /hotel/index.php/Home/Login/checkLogin?account=super_admin&password=123456
INFO: [ app_init ] --START--
INFO: Run Behavior\BuildLiteBehavior [ RunTime:0.000000s ]
INFO: Run Behavior\FlashBehaviors [ RunTime:0.001000s ]
INFO: [ app_init ] --END-- [ RunTime:0.003000s ]

[2016-11-09 00:59:39] ::1 /hotel/index.php/Home/Index/index
INFO: [ app_init ] --START--
INFO: Run Behavior\BuildLiteBehavior [ RunTime:0.000000s ]
INFO: Run Behavior\FlashBehaviors [ RunTime:0.003001s ]
INFO: [ app_init ] --END-- [ RunTime:0.005001s ]

[2016-11-09 00:59:44] ::1 /hotel/index.php/Home/Hotel/add?type=menu
INFO: [ app_init ] --START--
INFO: Run Behavior\BuildLiteBehavior [ RunTime:0.000000s ]
INFO: Run Behavior\FlashBehaviors [ RunTime:0.001000s ]
INFO: [ app_init ] --END-- [ RunTime:0.002000s ]

[2016-11-09 01:00:01] ::1 /hotel/index.php/Home/Hotel/showList?type=menu
INFO: [ app_init ] --START--
INFO: Run Behavior\BuildLiteBehavior [ RunTime:0.000000s ]
INFO: Run Behavior\FlashBehaviors [ RunTime:0.010001s ]
INFO: [ app_init ] --END-- [ RunTime:0.010001s ]

[2016-11-09 01:00:11] ::1 /hotel/index.php/Home/Hotel/modify?type=menu&id=3
INFO: [ app_init ] --START--
INFO: Run Behavior\BuildLiteBehavior [ RunTime:0.000000s ]
INFO: Run Behavior\FlashBehaviors [ RunTime:0.002000s ]
INFO: [ app_init ] --END-- [ RunTime:0.005000s ]

[2016-11-09 08:00:51] ::1 /hotel/index.php/
INFO: [ app_init ] --START--
INFO: Run Behavior\BuildLiteBehavior [ RunTime:0.000000s ]
INFO: Run Behavior\FlashBehaviors [ RunTime:0.010001s ]
INFO: [ app_init ] --END-- [ RunTime:0.013001s ]

[2016-11-09 08:00:52] ::1 /hotel/index.php/
INFO: [ app_init ] --START--
INFO: Run Behavior\BuildLiteBehavior [ RunTime:0.000000s ]
INFO: Run Behavior\FlashBehaviors [ RunTime:0.001000s ]
INFO: [ app_init ] --END-- [ RunTime:0.002000s ]

[2016-11-09 08:00:57] ::1 /hotel/index.php/Home/Room/showList?type=menu
INFO: [ app_init ] --START--
INFO: Run Behavior\BuildLiteBehavior [ RunTime:0.000000s ]
INFO: Run Behavior\FlashBehaviors [ RunTime:0.000000s ]
INFO: [ app_init ] --END-- [ RunTime:0.001000s ]
File:D:\WWW\hotel\ThinkPHP\Library\Think\App.class.php(101)  E  
File:D:\WWW\hotel\ThinkPHP\Library\Think\App.class.php(202)  exec  
File:D:\WWW\hotel\ThinkPHP\Library\Think\Think.class.php(120)  run  
File:D:\WWW\hotel\ThinkPHP\ThinkPHP.php(97)  start  
File:D:\WWW\hotel\index.php(31)  require  
ERR: 无法加载控制器:Room

[2016-11-09 23:07:49] ::1 /hotel/index.php/
INFO: [ app_init ] --START--
INFO: Run Behavior\BuildLiteBehavior [ RunTime:0.000000s ]
INFO: Run Behavior\FlashBehaviors [ RunTime:0.011001s ]
INFO: [ app_init ] --END-- [ RunTime:0.012001s ]

