[2016-11-16 20:22:08] ::1 /envmanage/index.php/Admin/User/add?type=menu
INFO: [ app_init ] --START--
INFO: Run Behavior\BuildLiteBehavior [ RunTime:0.000000s ]
INFO: Run Behavior\FlashBehaviors [ RunTime:0.001001s ]
INFO: [ app_init ] --END-- [ RunTime:0.002001s ]
File:D:\WWW\envmanage\ThinkPHP\Library\Think\Dispatcher.class.php(176)  E  
File:D:\WWW\envmanage\ThinkPHP\Library\Think\App.class.php(38)  dispatch  
File:D:\WWW\envmanage\ThinkPHP\Library\Think\App.class.php(193)  init  
File:D:\WWW\envmanage\ThinkPHP\Library\Think\Think.class.php(120)  run  
File:D:\WWW\envmanage\ThinkPHP\ThinkPHP.php(97)  start  
File:D:\WWW\envmanage\index.php(31)  require  
ERR: 无法加载模块:Admin

[2016-11-16 20:22:22] ::1 /envmanage/index.php/Admin/
INFO: [ app_init ] --START--
INFO: Run Behavior\BuildLiteBehavior [ RunTime:0.000000s ]
INFO: Run Behavior\FlashBehaviors [ RunTime:0.001001s ]
INFO: [ app_init ] --END-- [ RunTime:0.001001s ]
File:D:\WWW\envmanage\ThinkPHP\Library\Think\Dispatcher.class.php(176)  E  
File:D:\WWW\envmanage\ThinkPHP\Library\Think\App.class.php(38)  dispatch  
File:D:\WWW\envmanage\ThinkPHP\Library\Think\App.class.php(193)  init  
File:D:\WWW\envmanage\ThinkPHP\Library\Think\Think.class.php(120)  run  
File:D:\WWW\envmanage\ThinkPHP\ThinkPHP.php(97)  start  
File:D:\WWW\envmanage\index.php(31)  require  
ERR: 无法加载模块:Admin

[2016-11-16 20:22:24] ::1 /envmanage/index.php/Admin/
INFO: [ app_init ] --START--
INFO: Run Behavior\BuildLiteBehavior [ RunTime:0.000000s ]
INFO: Run Behavior\FlashBehaviors [ RunTime:0.000000s ]
INFO: [ app_init ] --END-- [ RunTime:0.002000s ]
File:D:\WWW\envmanage\ThinkPHP\Library\Think\Dispatcher.class.php(176)  E  
File:D:\WWW\envmanage\ThinkPHP\Library\Think\App.class.php(38)  dispatch  
File:D:\WWW\envmanage\ThinkPHP\Library\Think\App.class.php(193)  init  
File:D:\WWW\envmanage\ThinkPHP\Library\Think\Think.class.php(120)  run  
File:D:\WWW\envmanage\ThinkPHP\ThinkPHP.php(97)  start  
File:D:\WWW\envmanage\index.php(31)  require  
ERR: 无法加载模块:Admin

[2016-11-16 20:24:31] ::1 /envmanage/index.php/Admin/Login/login?account=super_admin&password=123456
INFO: [ app_init ] --START--
INFO: Run Behavior\BuildLiteBehavior [ RunTime:0.000000s ]
INFO: Run Behavior\FlashBehaviors [ RunTime:0.000000s ]
INFO: [ app_init ] --END-- [ RunTime:0.001000s ]
File:D:\WWW\envmanage\ThinkPHP\Library\Think\Dispatcher.class.php(176)  E  
File:D:\WWW\envmanage\ThinkPHP\Library\Think\App.class.php(38)  dispatch  
File:D:\WWW\envmanage\ThinkPHP\Library\Think\App.class.php(193)  init  
File:D:\WWW\envmanage\ThinkPHP\Library\Think\Think.class.php(120)  run  
File:D:\WWW\envmanage\ThinkPHP\ThinkPHP.php(97)  start  
File:D:\WWW\envmanage\index.php(31)  require  
ERR: 无法加载模块:Admin

[2016-11-16 20:24:52] ::1 /envmanage/index.php/Admin/Login/login?account=super_admin&password=123456
INFO: [ app_init ] --START--
INFO: Run Behavior\BuildLiteBehavior [ RunTime:0.000000s ]
INFO: Run Behavior\FlashBehaviors [ RunTime:0.000000s ]
INFO: [ app_init ] --END-- [ RunTime:0.001000s ]
File:D:\WWW\envmanage\ThinkPHP\Library\Think\Dispatcher.class.php(176)  E  
File:D:\WWW\envmanage\ThinkPHP\Library\Think\App.class.php(38)  dispatch  
File:D:\WWW\envmanage\ThinkPHP\Library\Think\App.class.php(193)  init  
File:D:\WWW\envmanage\ThinkPHP\Library\Think\Think.class.php(120)  run  
File:D:\WWW\envmanage\ThinkPHP\ThinkPHP.php(97)  start  
File:D:\WWW\envmanage\index.php(31)  require  
ERR: 无法加载模块:Admin

[2016-11-16 20:24:57] ::1 /envmanage/index.php/Admin/Index/index
INFO: [ app_init ] --START--
INFO: Run Behavior\BuildLiteBehavior [ RunTime:0.000000s ]
INFO: Run Behavior\FlashBehaviors [ RunTime:0.001000s ]
INFO: [ app_init ] --END-- [ RunTime:0.001000s ]
File:D:\WWW\envmanage\ThinkPHP\Library\Think\Dispatcher.class.php(176)  E  
File:D:\WWW\envmanage\ThinkPHP\Library\Think\App.class.php(38)  dispatch  
File:D:\WWW\envmanage\ThinkPHP\Library\Think\App.class.php(193)  init  
File:D:\WWW\envmanage\ThinkPHP\Library\Think\Think.class.php(120)  run  
File:D:\WWW\envmanage\ThinkPHP\ThinkPHP.php(97)  start  
File:D:\WWW\envmanage\index.php(31)  require  
ERR: 无法加载模块:Admin

[2016-11-16 20:41:49] ::1 /envmanage/index.php/Admin/User/showList?type=menu
INFO: [ app_init ] --START--
INFO: Run Behavior\BuildLiteBehavior [ RunTime:0.000000s ]
INFO: Run Behavior\FlashBehaviors [ RunTime:0.001000s ]
INFO: [ app_init ] --END-- [ RunTime:0.002000s ]
File:D:\WWW\envmanage\ThinkPHP\Library\Think\Dispatcher.class.php(176)  E  
File:D:\WWW\envmanage\ThinkPHP\Library\Think\App.class.php(38)  dispatch  
File:D:\WWW\envmanage\ThinkPHP\Library\Think\App.class.php(193)  init  
File:D:\WWW\envmanage\ThinkPHP\Library\Think\Think.class.php(120)  run  
File:D:\WWW\envmanage\ThinkPHP\ThinkPHP.php(97)  start  
File:D:\WWW\envmanage\index.php(31)  require  
ERR: 无法加载模块:Admin

[2016-11-16 20:41:54] ::1 /envmanage/index.php/Admin/User/showList?type=menu
INFO: [ app_init ] --START--
INFO: Run Behavior\BuildLiteBehavior [ RunTime:0.000000s ]
INFO: Run Behavior\FlashBehaviors [ RunTime:0.001000s ]
INFO: [ app_init ] --END-- [ RunTime:0.002000s ]
File:D:\WWW\envmanage\ThinkPHP\Library\Think\Dispatcher.class.php(176)  E  
File:D:\WWW\envmanage\ThinkPHP\Library\Think\App.class.php(38)  dispatch  
File:D:\WWW\envmanage\ThinkPHP\Library\Think\App.class.php(193)  init  
File:D:\WWW\envmanage\ThinkPHP\Library\Think\Think.class.php(120)  run  
File:D:\WWW\envmanage\ThinkPHP\ThinkPHP.php(97)  start  
File:D:\WWW\envmanage\index.php(31)  require  
ERR: 无法加载模块:Admin

