[2016-11-16 00:11:47] ::1 /envmanage/index.php/Admin/
INFO: [ app_init ] --START--
INFO: Run Behavior\BuildLiteBehavior [ RunTime:0.000000s ]
INFO: Run Behavior\FlashBehaviors [ RunTime:0.000000s ]
INFO: [ app_init ] --END-- [ RunTime:0.001000s ]
INFO: [ app_begin ] --START--
INFO: Run Behavior\ReadHtmlCacheBehavior [ RunTime:0.000000s ]
INFO: [ app_begin ] --END-- [ RunTime:0.000000s ]
INFO: [ view_parse ] --START--
INFO: [ template_filter ] --START--
INFO: Run Behavior\ContentReplaceBehavior [ RunTime:0.001000s ]
INFO: [ template_filter ] --END-- [ RunTime:0.001000s ]
NOTIC: [8] Undefined variable: page_title D:\WWW\envmanage\Application\Runtime\Cache\Admin\b595b808c2ebeeeb0478ffc30bb4e87a.php 第 6 行.
NOTIC: [8] Undefined variable: page_description D:\WWW\envmanage\Application\Runtime\Cache\Admin\b595b808c2ebeeeb0478ffc30bb4e87a.php 第 8 行.
NOTIC: [8] Undefined variable: task_num D:\WWW\envmanage\Application\Runtime\Cache\Admin\b595b808c2ebeeeb0478ffc30bb4e87a.php 第 164 行.
NOTIC: [8] Undefined variable: task_num D:\WWW\envmanage\Application\Runtime\Cache\Admin\b595b808c2ebeeeb0478ffc30bb4e87a.php 第 167 行.
NOTIC: [8] Undefined variable: taskList D:\WWW\envmanage\Application\Runtime\Cache\Admin\b595b808c2ebeeeb0478ffc30bb4e87a.php 第 171 行.
NOTIC: [8] Undefined index: loginUserName D:\WWW\envmanage\Application\Runtime\Cache\Admin\b595b808c2ebeeeb0478ffc30bb4e87a.php 第 202 行.
NOTIC: [8] Undefined variable: NOW_MENU D:\WWW\envmanage\Application\Runtime\Cache\Admin\b595b808c2ebeeeb0478ffc30bb4e87a.php 第 271 行.
NOTIC: [8] Undefined variable: SECOND_NOW_MENU D:\WWW\envmanage\Application\Runtime\Cache\Admin\b595b808c2ebeeeb0478ffc30bb4e87a.php 第 278 行.
NOTIC: [8] Undefined variable: SECOND_NOW_MENU D:\WWW\envmanage\Application\Runtime\Cache\Admin\b595b808c2ebeeeb0478ffc30bb4e87a.php 第 278 行.
NOTIC: [8] Undefined variable: SECOND_NOW_MENU D:\WWW\envmanage\Application\Runtime\Cache\Admin\b595b808c2ebeeeb0478ffc30bb4e87a.php 第 278 行.
NOTIC: [8] Undefined variable: SECOND_NOW_MENU D:\WWW\envmanage\Application\Runtime\Cache\Admin\b595b808c2ebeeeb0478ffc30bb4e87a.php 第 278 行.
NOTIC: [8] Undefined variable: NOW_MENU D:\WWW\envmanage\Application\Runtime\Cache\Admin\b595b808c2ebeeeb0478ffc30bb4e87a.php 第 271 行.
NOTIC: [8] Undefined variable: SECOND_NOW_MENU D:\WWW\envmanage\Application\Runtime\Cache\Admin\b595b808c2ebeeeb0478ffc30bb4e87a.php 第 278 行.
NOTIC: [8] Undefined variable: SECOND_NOW_MENU D:\WWW\envmanage\Application\Runtime\Cache\Admin\b595b808c2ebeeeb0478ffc30bb4e87a.php 第 278 行.
NOTIC: [8] Undefined variable: SECOND_NOW_MENU D:\WWW\envmanage\Application\Runtime\Cache\Admin\b595b808c2ebeeeb0478ffc30bb4e87a.php 第 278 行.
NOTIC: [8] Undefined variable: SECOND_NOW_MENU D:\WWW\envmanage\Application\Runtime\Cache\Admin\b595b808c2ebeeeb0478ffc30bb4e87a.php 第 278 行.
NOTIC: [8] Undefined variable: NOW_MENU D:\WWW\envmanage\Application\Runtime\Cache\Admin\b595b808c2ebeeeb0478ffc30bb4e87a.php 第 271 行.
NOTIC: [8] Undefined variable: SECOND_NOW_MENU D:\WWW\envmanage\Application\Runtime\Cache\Admin\b595b808c2ebeeeb0478ffc30bb4e87a.php 第 278 行.
NOTIC: [8] Undefined variable: SECOND_NOW_MENU D:\WWW\envmanage\Application\Runtime\Cache\Admin\b595b808c2ebeeeb0478ffc30bb4e87a.php 第 278 行.
NOTIC: [8] Undefined variable: SECOND_NOW_MENU D:\WWW\envmanage\Application\Runtime\Cache\Admin\b595b808c2ebeeeb0478ffc30bb4e87a.php 第 278 行.
NOTIC: [8] Undefined variable: SECOND_NOW_MENU D:\WWW\envmanage\Application\Runtime\Cache\Admin\b595b808c2ebeeeb0478ffc30bb4e87a.php 第 278 行.
NOTIC: [8] Undefined variable: NOW_MENU D:\WWW\envmanage\Application\Runtime\Cache\Admin\b595b808c2ebeeeb0478ffc30bb4e87a.php 第 271 行.
NOTIC: [8] Undefined variable: SECOND_NOW_MENU D:\WWW\envmanage\Application\Runtime\Cache\Admin\b595b808c2ebeeeb0478ffc30bb4e87a.php 第 278 行.
NOTIC: [8] Undefined variable: SECOND_NOW_MENU D:\WWW\envmanage\Application\Runtime\Cache\Admin\b595b808c2ebeeeb0478ffc30bb4e87a.php 第 278 行.
NOTIC: [8] Undefined variable: NOW_MENU D:\WWW\envmanage\Application\Runtime\Cache\Admin\b595b808c2ebeeeb0478ffc30bb4e87a.php 第 271 行.
NOTIC: [8] Undefined variable: SECOND_NOW_MENU D:\WWW\envmanage\Application\Runtime\Cache\Admin\b595b808c2ebeeeb0478ffc30bb4e87a.php 第 278 行.
NOTIC: [8] Undefined variable: SECOND_NOW_MENU D:\WWW\envmanage\Application\Runtime\Cache\Admin\b595b808c2ebeeeb0478ffc30bb4e87a.php 第 278 行.
NOTIC: [8] Undefined variable: NOW_PATH D:\WWW\envmanage\Application\Runtime\Cache\Admin\b595b808c2ebeeeb0478ffc30bb4e87a.php 第 311 行.
NOTIC: [8] Undefined index: loginUserName D:\WWW\envmanage\Application\Runtime\Cache\Admin\b595b808c2ebeeeb0478ffc30bb4e87a.php 第 360 行.
INFO: Run Behavior\ParseTemplateBehavior [ RunTime:0.026002s ]
INFO: [ view_parse ] --END-- [ RunTime:0.026002s ]
INFO: [ view_filter ] --START--
INFO: Run Behavior\WriteHtmlCacheBehavior [ RunTime:0.001000s ]
INFO: [ view_filter ] --END-- [ RunTime:0.001000s ]
INFO: [ app_end ] --START--
INFO: Run Behavior\ShowPageTraceBehavior [ RunTime:0.002000s ]
INFO: [ app_end ] --END-- [ RunTime:0.002000s ]

[2016-11-16 00:12:23] ::1 /envmanage/index.php/Admin/
INFO: [ app_init ] --START--
INFO: Run Behavior\BuildLiteBehavior [ RunTime:0.000000s ]
INFO: Run Behavior\FlashBehaviors [ RunTime:0.001000s ]
INFO: [ app_init ] --END-- [ RunTime:0.002000s ]
INFO: [ app_begin ] --START--
INFO: Run Behavior\ReadHtmlCacheBehavior [ RunTime:0.001000s ]
INFO: [ app_begin ] --END-- [ RunTime:0.001000s ]
INFO: [ view_parse ] --START--
INFO: [ template_filter ] --START--
INFO: Run Behavior\ContentReplaceBehavior [ RunTime:0.000000s ]
INFO: [ template_filter ] --END-- [ RunTime:0.000000s ]
NOTIC: [8] Undefined variable: page_title D:\WWW\envmanage\Application\Runtime\Cache\Admin\b595b808c2ebeeeb0478ffc30bb4e87a.php 第 6 行.
NOTIC: [8] Undefined variable: page_description D:\WWW\envmanage\Application\Runtime\Cache\Admin\b595b808c2ebeeeb0478ffc30bb4e87a.php 第 8 行.
NOTIC: [8] Undefined variable: task_num D:\WWW\envmanage\Application\Runtime\Cache\Admin\b595b808c2ebeeeb0478ffc30bb4e87a.php 第 164 行.
NOTIC: [8] Undefined variable: task_num D:\WWW\envmanage\Application\Runtime\Cache\Admin\b595b808c2ebeeeb0478ffc30bb4e87a.php 第 167 行.
NOTIC: [8] Undefined variable: taskList D:\WWW\envmanage\Application\Runtime\Cache\Admin\b595b808c2ebeeeb0478ffc30bb4e87a.php 第 171 行.
NOTIC: [8] Undefined index: loginUserName D:\WWW\envmanage\Application\Runtime\Cache\Admin\b595b808c2ebeeeb0478ffc30bb4e87a.php 第 202 行.
NOTIC: [8] Undefined variable: NOW_MENU D:\WWW\envmanage\Application\Runtime\Cache\Admin\b595b808c2ebeeeb0478ffc30bb4e87a.php 第 271 行.
NOTIC: [8] Undefined variable: SECOND_NOW_MENU D:\WWW\envmanage\Application\Runtime\Cache\Admin\b595b808c2ebeeeb0478ffc30bb4e87a.php 第 278 行.
NOTIC: [8] Undefined variable: SECOND_NOW_MENU D:\WWW\envmanage\Application\Runtime\Cache\Admin\b595b808c2ebeeeb0478ffc30bb4e87a.php 第 278 行.
NOTIC: [8] Undefined variable: SECOND_NOW_MENU D:\WWW\envmanage\Application\Runtime\Cache\Admin\b595b808c2ebeeeb0478ffc30bb4e87a.php 第 278 行.
NOTIC: [8] Undefined variable: SECOND_NOW_MENU D:\WWW\envmanage\Application\Runtime\Cache\Admin\b595b808c2ebeeeb0478ffc30bb4e87a.php 第 278 行.
NOTIC: [8] Undefined variable: NOW_MENU D:\WWW\envmanage\Application\Runtime\Cache\Admin\b595b808c2ebeeeb0478ffc30bb4e87a.php 第 271 行.
NOTIC: [8] Undefined variable: SECOND_NOW_MENU D:\WWW\envmanage\Application\Runtime\Cache\Admin\b595b808c2ebeeeb0478ffc30bb4e87a.php 第 278 行.
NOTIC: [8] Undefined variable: SECOND_NOW_MENU D:\WWW\envmanage\Application\Runtime\Cache\Admin\b595b808c2ebeeeb0478ffc30bb4e87a.php 第 278 行.
NOTIC: [8] Undefined variable: SECOND_NOW_MENU D:\WWW\envmanage\Application\Runtime\Cache\Admin\b595b808c2ebeeeb0478ffc30bb4e87a.php 第 278 行.
NOTIC: [8] Undefined variable: SECOND_NOW_MENU D:\WWW\envmanage\Application\Runtime\Cache\Admin\b595b808c2ebeeeb0478ffc30bb4e87a.php 第 278 行.
NOTIC: [8] Undefined variable: NOW_MENU D:\WWW\envmanage\Application\Runtime\Cache\Admin\b595b808c2ebeeeb0478ffc30bb4e87a.php 第 271 行.
NOTIC: [8] Undefined variable: SECOND_NOW_MENU D:\WWW\envmanage\Application\Runtime\Cache\Admin\b595b808c2ebeeeb0478ffc30bb4e87a.php 第 278 行.
NOTIC: [8] Undefined variable: SECOND_NOW_MENU D:\WWW\envmanage\Application\Runtime\Cache\Admin\b595b808c2ebeeeb0478ffc30bb4e87a.php 第 278 行.
NOTIC: [8] Undefined variable: SECOND_NOW_MENU D:\WWW\envmanage\Application\Runtime\Cache\Admin\b595b808c2ebeeeb0478ffc30bb4e87a.php 第 278 行.
NOTIC: [8] Undefined variable: SECOND_NOW_MENU D:\WWW\envmanage\Application\Runtime\Cache\Admin\b595b808c2ebeeeb0478ffc30bb4e87a.php 第 278 行.
NOTIC: [8] Undefined variable: NOW_MENU D:\WWW\envmanage\Application\Runtime\Cache\Admin\b595b808c2ebeeeb0478ffc30bb4e87a.php 第 271 行.
NOTIC: [8] Undefined variable: SECOND_NOW_MENU D:\WWW\envmanage\Application\Runtime\Cache\Admin\b595b808c2ebeeeb0478ffc30bb4e87a.php 第 278 行.
NOTIC: [8] Undefined variable: SECOND_NOW_MENU D:\WWW\envmanage\Application\Runtime\Cache\Admin\b595b808c2ebeeeb0478ffc30bb4e87a.php 第 278 行.
NOTIC: [8] Undefined variable: NOW_MENU D:\WWW\envmanage\Application\Runtime\Cache\Admin\b595b808c2ebeeeb0478ffc30bb4e87a.php 第 271 行.
NOTIC: [8] Undefined variable: SECOND_NOW_MENU D:\WWW\envmanage\Application\Runtime\Cache\Admin\b595b808c2ebeeeb0478ffc30bb4e87a.php 第 278 行.
NOTIC: [8] Undefined variable: SECOND_NOW_MENU D:\WWW\envmanage\Application\Runtime\Cache\Admin\b595b808c2ebeeeb0478ffc30bb4e87a.php 第 278 行.
NOTIC: [8] Undefined variable: NOW_PATH D:\WWW\envmanage\Application\Runtime\Cache\Admin\b595b808c2ebeeeb0478ffc30bb4e87a.php 第 311 行.
NOTIC: [8] Undefined index: loginUserName D:\WWW\envmanage\Application\Runtime\Cache\Admin\b595b808c2ebeeeb0478ffc30bb4e87a.php 第 360 行.
INFO: Run Behavior\ParseTemplateBehavior [ RunTime:0.026001s ]
INFO: [ view_parse ] --END-- [ RunTime:0.026001s ]
INFO: [ view_filter ] --START--
INFO: Run Behavior\WriteHtmlCacheBehavior [ RunTime:0.001000s ]
INFO: [ view_filter ] --END-- [ RunTime:0.001000s ]
INFO: [ app_end ] --START--
INFO: Run Behavior\ShowPageTraceBehavior [ RunTime:0.002000s ]
INFO: [ app_end ] --END-- [ RunTime:0.002000s ]

[2016-11-16 00:13:01] ::1 /envmanage/index.php/Admin/User/showList?type=menu
INFO: [ app_init ] --START--
INFO: Run Behavior\BuildLiteBehavior [ RunTime:0.000000s ]
INFO: Run Behavior\FlashBehaviors [ RunTime:0.001000s ]
INFO: [ app_init ] --END-- [ RunTime:0.001000s ]
INFO: [ app_begin ] --START--
INFO: Run Behavior\ReadHtmlCacheBehavior [ RunTime:0.001000s ]
INFO: [ app_begin ] --END-- [ RunTime:0.001000s ]
File:D:\WWW\envmanage\ThinkPHP\Library\Think\App.class.php(101)  E  
File:D:\WWW\envmanage\ThinkPHP\Library\Think\App.class.php(202)  exec  
File:D:\WWW\envmanage\ThinkPHP\Library\Think\Think.class.php(120)  run  
File:D:\WWW\envmanage\ThinkPHP\ThinkPHP.php(97)  start  
File:D:\WWW\envmanage\index.php(31)  require  
ERR: 无法加载控制器:User

